# JRE version: OpenJDK Runtime Environment (11.0.3+7) (build 11.0.3+7)
# Java VM: OpenJDK 64-Bit Server VM (11.0.3+7, mixed mode, tiered, compressed oops, g1 gc, windows-amd64)
Heap:
 garbage-first heap   total 476160K, used 201728K [0x00000000c0000000, 0x0000000100000000)
  region size 1024K, 9 young (9216K), 9 survivors (9216K)
 Metaspace       used 50059K, capacity 52353K, committed 52528K, reserved 1095680K
  class space    used 5114K, capacity 5982K, committed 6016K, reserved 1048576K
GC Heap History (10 events):
Event: 36.314 GC heap after
{Heap after GC invocations=33 (full 0):
 garbage-first heap   total 231424K, used 126226K [0x00000000c0000000, 0x0000000100000000)
  region size 1024K, 6 young (6144K), 6 survivors (6144K)
 Metaspace       used 49495K, capacity 51762K, committed 52016K, reserved 1095680K
  class space    used 5064K, capacity 5913K, committed 6016K, reserved 1048576K
}
Event: 36.485 GC heap before
{Heap before GC invocations=33 (full 0):
 garbage-first heap   total 231424K, used 180498K [0x00000000c0000000, 0x0000000100000000)
  region size 1024K, 59 young (60416K), 6 survivors (6144K)
 Metaspace       used 49495K, capacity 51762K, committed 52016K, reserved 1095680K
  class space    used 5064K, capacity 5913K, committed 6016K, reserved 1048576K
}
Event: 36.504 GC heap after
{Heap after GC invocations=34 (full 0):
 garbage-first heap   total 385024K, used 132757K [0x00000000c0000000, 0x0000000100000000)
  region size 1024K, 6 young (6144K), 6 survivors (6144K)
 Metaspace       used 49495K, capacity 51762K, committed 52016K, reserved 1095680K
  class space    used 5064K, capacity 5913K, committed 6016K, reserved 1048576K
}
Event: 37.417 GC heap before
{Heap before GC invocations=35 (full 0):
 garbage-first heap   total 385024K, used 246421K [0x00000000c0000000, 0x0000000100000000)
  region size 1024K, 119 young (121856K), 6 survivors (6144K)
 Metaspace       used 49525K, capacity 51826K, committed 52016K, reserved 1095680K
  class space    used 5070K, capacity 5913K, committed 6016K, reserved 1048576K
}
Event: 37.445 GC heap after
{Heap after GC invocations=36 (full 0):
 garbage-first heap   total 385024K, used 142144K [0x00000000c0000000, 0x0000000100000000)
  region size 1024K, 15 young (15360K), 15 survivors (15360K)
 Metaspace       used 49525K, capacity 51826K, committed 52016K, reserved 1095680K
  class space    used 5070K, capacity 5913K, committed 6016K, reserved 1048576K
}
Event: 37.892 GC heap before
{Heap before GC invocations=36 (full 0):
 garbage-first heap   total 385024K, used 268096K [0x00000000c0000000, 0x0000000100000000)
  region size 1024K, 138 young (141312K), 15 survivors (15360K)
 Metaspace       used 49532K, capacity 51826K, committed 52016K, reserved 1095680K
  class space    used 5070K, capacity 5913K, committed 6016K, reserved 1048576K
}
Event: 37.923 GC heap after
{Heap after GC invocations=37 (full 0):
 garbage-first heap   total 385024K, used 156160K [0x00000000c0000000, 0x0000000100000000)
  region size 1024K, 14 young (14336K), 14 survivors (14336K)
 Metaspace       used 49532K, capacity 51826K, committed 52016K, reserved 1095680K
  class space    used 5070K, capacity 5913K, committed 6016K, reserved 1048576K
}
Event: 39.511 GC heap before
{Heap before GC invocations=37 (full 0):
 garbage-first heap   total 385024K, used 293376K [0x00000000c0000000, 0x0000000100000000)
  region size 1024K, 139 young (142336K), 14 survivors (14336K)
 Metaspace       used 49552K, capacity 51826K, committed 52016K, reserved 1095680K
  class space    used 5071K, capacity 5913K, committed 6016K, reserved 1048576K
}
Event: 39.562 GC heap after
{Heap after GC invocations=38 (full 0):
 garbage-first heap   total 385024K, used 192512K [0x00000000c0000000, 0x0000000100000000)
  region size 1024K, 18 young (18432K), 18 survivors (18432K)
 Metaspace       used 49552K, capacity 51826K, committed 52016K, reserved 1095680K
  class space    used 5071K, capacity 5913K, committed 6016K, reserved 1048576K
}
Event: 39.828 GC heap before
{Heap before GC invocations=38 (full 0):
 garbage-first heap   total 385024K, used 198656K [0x00000000c0000000, 0x0000000100000000)
  region size 1024K, 26 young (26624K), 18 survivors (18432K)
 Metaspace       used 50059K, capacity 52353K, committed 52528K, reserved 1095680K
  class space    used 5114K, capacity 5982K, committed 6016K, reserved 1048576K
}

